<?xml version="1.0" encoding="UTF-8"?>
<!-- Generated by org.testng.reporters.JUnitReportReporter -->
<testsuite hostname="Sonalis_AsusVB" failures="0" tests="2" name="TestRunner.RunnerTest" time="10.582" errors="0" timestamp="17 Jan 2024 10:13:24 GMT" skipped="0">
  <testcase classname="TestRunner.RunnerTest" name="runScenario" time="10.349"/>
  <testcase classname="TestRunner.RunnerTest" name="runScenario" time="0.233"/>
</testsuite> <!-- TestRunner.RunnerTest -->
